        -:    0:Source:c_01.c
        -:    0:Graph:c_01.gcno
        -:    0:Data:c_01.gcda
        -:    0:Runs:1
        -:    0:Programs:1
        -:    1://Дано целое число a и натуральное (целое неотрицательное) число n. Вычислить a n. 
        -:    2:
        -:    3:#include <stdio.h>
        -:    4:#include <math.h>
        -:    5:
        -:    6:
        -:    7:
        -:    8:
        1:    9:float main(void)
        -:   10:{
        -:   11:	//Объявление переменных
        -:   12:	float a,res;
        -:   13:	int n;
        1:   14:	printf("Vvedite chislo a: \n\n");
        1:   15:	scanf("%f",&a);
        1:   16:	printf("Vvedite stepeni chisla a: \n\n");
        1:   17:	scanf("%d",&n);
        -:   18:	//Возвожу в степень 
        1:   19:	res = pow(a,n);
        -:   20:	//Вывожу результат
        1:   21:    printf("А в степени n  : %f \n",res);
        1:   22:}
        -:   23:    
